<?xml version="1.0" encoding="UTF-8"?>
<!-- Generated by org.testng.reporters.JUnitReportReporter -->
<testsuite hostname="DESKTOP-FBDQA1D" failures="0" tests="3" name="Frameworks.Sample3" time="0.010" errors="0" timestamp="2023-03-24T10:36:19 IST" skipped="0">
  <testcase classname="Frameworks.Sample3" name="deleteContact" time="0.001"/>
  <system-out/>
  <testcase classname="Frameworks.Sample3" name="createContact" time="0.008"/>
  <system-out/>
  <testcase classname="Frameworks.Sample3" name="modifyContact" time="0.001"/>
  <system-out/>
</testsuite> <!-- Frameworks.Sample3 -->
