<?xml version="1.0" encoding="UTF-8"?>
<!-- Generated by org.testng.reporters.JUnitReportReporter -->
<testsuite hostname="DESKTOP-FBDQA1D" failures="0" tests="4" name="Frameworks.Sample4" time="0.025" errors="0" timestamp="2023-03-24T10:44:02 IST" skipped="0">
  <testcase classname="Frameworks.Sample4" name="modifyContact" time="0.003"/>
  <system-out/>
  <testcase classname="Frameworks.Sample4" name="createContact" time="0.018"/>
  <system-out/>
  <testcase classname="Frameworks.Sample4" name="deleteContact" time="0.002"/>
  <system-out/>
  <testcase classname="Frameworks.Sample4" name="deleteContact" time="0.002"/>
  <system-out/>
</testsuite> <!-- Frameworks.Sample4 -->
