<?xml version="1.0" encoding="UTF-8"?>
<!-- Generated by org.testng.reporters.JUnitReportReporter -->
<testsuite hostname="DESKTOP-FBDQA1D" failures="0" tests="2" name="Frameworks.Alertpopups" time="40.297" errors="0" timestamp="2023-03-24T11:38:49 IST" skipped="0">
  <testcase classname="Frameworks.Alertpopups" name="m1" time="19.485"/>
  <system-out/>
  <testcase classname="Frameworks.Alertpopups" name="m1" time="20.812"/>
  <system-out/>
</testsuite> <!-- Frameworks.Alertpopups -->
