<?xml version="1.0" encoding="UTF-8"?>
<!-- Generated by org.testng.reporters.JUnitReportReporter -->
<testsuite hostname="DESKTOP-FBDQA1D" failures="0" tests="1" name="Frameworks.AuthenticationPopups" time="8.755" errors="0" timestamp="2023-03-24T11:38:49 IST" skipped="0">
  <testcase classname="Frameworks.AuthenticationPopups" name="m2" time="8.755"/>
  <system-out/>
</testsuite> <!-- Frameworks.AuthenticationPopups -->
