<?xml version="1.0" encoding="UTF-8"?>
<!-- Generated by org.testng.reporters.JUnitReportReporter -->
<testsuite hostname="DESKTOP-FBDQA1D" failures="0" tests="3" name="Frameworks.Sample2" time="0.011" errors="0" timestamp="2023-03-23T17:34:18 IST" skipped="0">
  <testcase classname="Frameworks.Sample2" name="deleteContact" time="0.001"/>
  <system-out/>
  <testcase classname="Frameworks.Sample2" name="modifyContact" time="0.001"/>
  <system-out/>
  <testcase classname="Frameworks.Sample2" name="createContact" time="0.009"/>
  <system-out/>
</testsuite> <!-- Frameworks.Sample2 -->
