<?xml version="1.0" encoding="UTF-8"?>
<!-- Generated by org.testng.reporters.JUnitReportReporter -->
<testsuite hostname="DESKTOP-FBDQA1D" failures="0" tests="3" name="Frameworks.Sample" time="0.023" errors="0" timestamp="2023-03-24T11:01:42 IST" skipped="0">
  <testcase classname="Frameworks.Sample" name="createContact" time="0.018"/>
  <system-out/>
  <testcase classname="Frameworks.Sample" name="modifyContact" time="0.002"/>
  <system-out/>
  <testcase classname="Frameworks.Sample" name="deleteContact" time="0.003"/>
  <system-out/>
</testsuite> <!-- Frameworks.Sample -->
